Total DISK READ:         0.00 B/s | Total DISK WRITE:         0.00 B/s
Current DISK READ:       0.00 B/s | Current DISK WRITE:       0.00 B/s
    PID  PRIO  USER     DISK READ  DISK WRITE  SWAPIN      IO    COMMAND
Total DISK READ:         0.00 B/s | Total DISK WRITE:         3.99 K/s
Current DISK READ:       0.00 B/s | Current DISK WRITE:       0.00 B/s
    PID  PRIO  USER     DISK READ  DISK WRITE  SWAPIN      IO    COMMAND
     16 be/4 root        0.00 B/s    3.99 K/s  ?unavailable?  python3 /usr/sbin/iotop -o -P -b
Total DISK READ:         0.00 B/s | Total DISK WRITE:         0.00 B/s
Current DISK READ:       0.00 B/s | Current DISK WRITE:       0.00 B/s
    PID  PRIO  USER     DISK READ  DISK WRITE  SWAPIN      IO    COMMAND
Total DISK READ:         0.00 B/s | Total DISK WRITE:         0.00 B/s
Current DISK READ:       0.00 B/s | Current DISK WRITE:       0.00 B/s
    PID  PRIO  USER     DISK READ  DISK WRITE  SWAPIN      IO    COMMAND
Total DISK READ:         0.00 B/s | Total DISK WRITE:         3.99 K/s
Current DISK READ:       0.00 B/s | Current DISK WRITE:     698.19 K/s
    PID  PRIO  USER     DISK READ  DISK WRITE  SWAPIN      IO    COMMAND
     45 be/4 root        0.00 B/s    3.99 K/s  ?unavailable?  intel_gpu_top -d pci:card=0 -o /tmp/results/igt0-9BCA.csv
Total DISK READ:         0.00 B/s | Total DISK WRITE:        11.95 K/s
Current DISK READ:       0.00 B/s | Current DISK WRITE:       3.34 M/s
    PID  PRIO  USER     DISK READ  DISK WRITE  SWAPIN      IO    COMMAND
      9 be/4 root        0.00 B/s    3.98 K/s  ?unavailable?  sar 1
     13 be/4 root        0.00 B/s    3.98 K/s  ?unavailable?  free -s 1
     45 be/4 root        0.00 B/s    3.98 K/s  ?unavailable?  intel_gpu_top -d pci:card=0 -o /tmp/results/igt0-9BCA.csv
Total DISK READ:         0.00 B/s | Total DISK WRITE:        19.91 K/s
Current DISK READ:       0.00 B/s | Current DISK WRITE:       2.24 M/s
    PID  PRIO  USER     DISK READ  DISK WRITE  SWAPIN      IO    COMMAND
      9 be/4 root        0.00 B/s    3.98 K/s  ?unavailable?  sar 1
     13 be/4 root        0.00 B/s    3.98 K/s  ?unavailable?  free -s 1
     16 be/4 root        0.00 B/s    3.98 K/s  ?unavailable?  python3 /usr/sbin/iotop -o -P -b
     45 be/4 root        0.00 B/s    3.98 K/s  ?unavailable?  intel_gpu_top -d pci:card=0 -o /tmp/results/igt0-9BCA.csv
     46 be/4 root        0.00 B/s    3.98 K/s  ?unavailable?  xpumd -s /tmp
Total DISK READ:         0.00 B/s | Total DISK WRITE:         3.98 K/s
Current DISK READ:       0.00 B/s | Current DISK WRITE:     195.14 K/s
    PID  PRIO  USER     DISK READ  DISK WRITE  SWAPIN      IO    COMMAND
     16 be/4 root        0.00 B/s    3.98 K/s  ?unavailable?  python3 /usr/sbin/iotop -o -P -b
Total DISK READ:         0.00 B/s | Total DISK WRITE:         0.00 B/s
Current DISK READ:       0.00 B/s | Current DISK WRITE:      99.68 K/s
    PID  PRIO  USER     DISK READ  DISK WRITE  SWAPIN      IO    COMMAND
Total DISK READ:         0.00 B/s | Total DISK WRITE:         0.00 B/s
Current DISK READ:       0.00 B/s | Current DISK WRITE:       0.00 B/s
    PID  PRIO  USER     DISK READ  DISK WRITE  SWAPIN      IO    COMMAND
Total DISK READ:         0.00 B/s | Total DISK WRITE:         0.00 B/s
Current DISK READ:      59.83 K/s | Current DISK WRITE:       0.00 B/s
    PID  PRIO  USER     DISK READ  DISK WRITE  SWAPIN      IO    COMMAND
Total DISK READ:         0.00 B/s | Total DISK WRITE:         0.00 B/s
Current DISK READ:       0.00 B/s | Current DISK WRITE:      27.92 K/s
    PID  PRIO  USER     DISK READ  DISK WRITE  SWAPIN      IO    COMMAND
Total DISK READ:         0.00 B/s | Total DISK WRITE:         0.00 B/s
Current DISK READ:       0.00 B/s | Current DISK WRITE:     509.79 K/s
    PID  PRIO  USER     DISK READ  DISK WRITE  SWAPIN      IO    COMMAND
Total DISK READ:         0.00 B/s | Total DISK WRITE:         0.00 B/s
Current DISK READ:       0.00 B/s | Current DISK WRITE:       0.00 B/s
    PID  PRIO  USER     DISK READ  DISK WRITE  SWAPIN      IO    COMMAND
Total DISK READ:         0.00 B/s | Total DISK WRITE:         0.00 B/s
Current DISK READ:       0.00 B/s | Current DISK WRITE:       0.00 B/s
    PID  PRIO  USER     DISK READ  DISK WRITE  SWAPIN      IO    COMMAND
Total DISK READ:         0.00 B/s | Total DISK WRITE:         3.99 K/s
Current DISK READ:       0.00 B/s | Current DISK WRITE:       3.99 K/s
    PID  PRIO  USER     DISK READ  DISK WRITE  SWAPIN      IO    COMMAND
     16 be/4 root        0.00 B/s    3.99 K/s  ?unavailable?  python3 /usr/sbin/iotop -o -P -b
Total DISK READ:         0.00 B/s | Total DISK WRITE:         0.00 B/s
Current DISK READ:       0.00 B/s | Current DISK WRITE:     151.57 K/s
    PID  PRIO  USER     DISK READ  DISK WRITE  SWAPIN      IO    COMMAND
