               total        used        free      shared  buff/cache   available
Mem:        11944096     3852876      367852     1009284     7723368     6756496
Swap:        2097148      442484     1654664

               total        used        free      shared  buff/cache   available
Mem:        11944096     3922000      290116     1010684     7731980     6685972
Swap:        2097148      442484     1654664

               total        used        free      shared  buff/cache   available
Mem:        11944096     3896824      317340     1008636     7729932     6713196
Swap:        2097148      442484     1654664

               total        used        free      shared  buff/cache   available
Mem:        11944096     3871280      342192     1009320     7730624     6738056
Swap:        2097148      442484     1654664

               total        used        free      shared  buff/cache   available
Mem:        11944096     3972360      195648     1054688     7776088     6591608
Swap:        2097148      442484     1654664

               total        used        free      shared  buff/cache   available
Mem:        11944096     3974204      195848     1052640     7774044     6591812
Swap:        2097148      442484     1654664

               total        used        free      shared  buff/cache   available
Mem:        11944096     4037428      159400     1054960     7747268     6526268
Swap:        2097148      442740     1654408

               total        used        free      shared  buff/cache   available
Mem:        11944096     4028240      182360     1047024     7733496     6543392
Swap:        2097148      442740     1654408

               total        used        free      shared  buff/cache   available
Mem:        11944096     4022080      210048     1025480     7711968     6571092
Swap:        2097148      442740     1654408

               total        used        free      shared  buff/cache   available
Mem:        11944096     4037776      194364     1025464     7711956     6555416
Swap:        2097148      442740     1654408

               total        used        free      shared  buff/cache   available
Mem:        11944096     4020708      211500     1025392     7711888     6572556
Swap:        2097148      442740     1654408

               total        used        free      shared  buff/cache   available
Mem:        11944096     4025580      204396     1027560     7714120     6565516
Swap:        2097148      442740     1654408

               total        used        free      shared  buff/cache   available
Mem:        11944096     3997464      226848     1041080     7719784     6579936
Swap:        2097148      442996     1654152

               total        used        free      shared  buff/cache   available
Mem:        11944096     3982312      245368     1037732     7716416     6598612
Swap:        2097148      442996     1654152

               total        used        free      shared  buff/cache   available
Mem:        11944096     4002288      240060     1023060     7701748     6593308
Swap:        2097148      442996     1654152

               total        used        free      shared  buff/cache   available
Mem:        11944096     4001364      246448     1017584     7696284     6599704
Swap:        2097148      442996     1654152

               total        used        free      shared  buff/cache   available
Mem:        11944096     3995388      249328     1020668     7699380     6602600
Swap:        2097148      442996     1654152
